<?xml version="1.0"?>
<!DOCTYPE coverage SYSTEM "http://cobertura.sourceforge.net/xml/coverage-04.dtd">

<coverage line-rate="0.4666666666666667" branch-rate="0.5" lines-covered="7" lines-valid="15" branches-covered="1" branches-valid="2" complexity="1.25" version="2.1.1" timestamp="1499697620066">
	<sources>
		<source>/home/viantjoh/Projects/jenkins-test/jenkins-test-sub1/src/main/java</source>
		<source>--source</source>
		<source>/home/viantjoh/Projects/jenkins-test/jenkins-test-sub2/src/main/java</source>
	</sources>
	<packages>
		<package name="com.viskan.jenkinstest" line-rate="0.4666666666666667" branch-rate="0.5" complexity="1.25">
			<classes>
				<class name="com.viskan.jenkinstest.MyClass" filename="com/viskan/jenkinstest/MyClass.java" line-rate="0.45454545454545453" branch-rate="0.5" complexity="1.5">
					<methods>
						<method name="&lt;init&gt;" signature="()V" line-rate="1.0" branch-rate="1.0" complexity="0">
							<lines>
								<line number="6" hits="4" branch="false"/>
							</lines>
						</method>
						<method name="getMessage" signature="()Ljava/lang/String;" line-rate="0.6666666666666666" branch-rate="0.5" complexity="0">
							<lines>
								<line number="10" hits="1" branch="false"/>
								<line number="12" hits="2" branch="true" condition-coverage="50% (1/2)">
									<conditions>
										<condition number="0" type="jump" coverage="50%"/>
									</conditions>
								</line>
								<line number="14" hits="0" branch="false"/>
								<line number="15" hits="0" branch="false"/>
								<line number="17" hits="1" branch="false"/>
								<line number="18" hits="2" branch="false"/>
							</lines>
						</method>
						<method name="uncoveredMethod" signature="()V" line-rate="0.0" branch-rate="1.0" complexity="0">
							<lines>
								<line number="19" hits="0" branch="false"/>
								<line number="25" hits="0" branch="false"/>
								<line number="26" hits="0" branch="false"/>
								<line number="27" hits="0" branch="false"/>
							</lines>
						</method>
					</methods>
					<lines>
						<line number="6" hits="4" branch="false"/>
						<line number="10" hits="1" branch="false"/>
						<line number="12" hits="2" branch="true" condition-coverage="50% (1/2)">
							<conditions>
								<condition number="0" type="jump" coverage="50%"/>
							</conditions>
						</line>
						<line number="14" hits="0" branch="false"/>
						<line number="15" hits="0" branch="false"/>
						<line number="17" hits="1" branch="false"/>
						<line number="18" hits="2" branch="false"/>
						<line number="19" hits="0" branch="false"/>
						<line number="25" hits="0" branch="false"/>
						<line number="26" hits="0" branch="false"/>
						<line number="27" hits="0" branch="false"/>
					</lines>
				</class>
				<class name="com.viskan.jenkinstest.MyClass2" filename="com/viskan/jenkinstest/MyClass2.java" line-rate="0.5" branch-rate="1.0" complexity="1.0">
					<methods>
						<method name="&lt;init&gt;" signature="()V" line-rate="1.0" branch-rate="1.0" complexity="0">
							<lines>
								<line number="3" hits="4" branch="false"/>
							</lines>
						</method>
						<method name="getMessage" signature="()Ljava/lang/String;" line-rate="1.0" branch-rate="1.0" complexity="0">
							<lines>
								<line number="7" hits="4" branch="false"/>
							</lines>
						</method>
						<method name="uncoveredMethod" signature="()V" line-rate="0.0" branch-rate="1.0" complexity="0">
							<lines>
								<line number="15" hits="0" branch="false"/>
								<line number="16" hits="0" branch="false"/>
							</lines>
						</method>
					</methods>
					<lines>
						<line number="3" hits="4" branch="false"/>
						<line number="7" hits="4" branch="false"/>
						<line number="15" hits="0" branch="false"/>
						<line number="16" hits="0" branch="false"/>
					</lines>
				</class>
			</classes>
		</package>
	</packages>
</coverage>
